<?xml version='1.0' encoding='UTF-8'?>
<testsuite hostname="MacBook-Pro-16.local" name="ValidStartingCitySuite" tests="4" errors="0" failures="0" skipped="0" time="0.061" timestamp="2023-04-30T17:14:19">
          <properties>
[...]
</properties>
          <testcase classname="ValidStartingCitySuite" name="validStartingCity should return the correct starting city for a simple example" time="0.047">
                      
                    </testcase><testcase classname="ValidStartingCitySuite" name="validStartingCity should return the correct starting city when there is no valid city" time="0.0">
                      
                    </testcase><testcase classname="ValidStartingCitySuite" name="validStartingCity should return the correct starting city for a case with only one city" time="0.0">
                      
                    </testcase><testcase classname="ValidStartingCitySuite" name="validStartingCity should return the correct starting city for a case with large inputs" time="0.014">
                      
                    </testcase>
          <system-out><![CDATA[]]></system-out>
          <system-err><![CDATA[]]></system-err>
        </testsuite>