<?xml version='1.0' encoding='UTF-8'?>
<testsuite hostname="MacBook-Pro-16.local" name="NumberOfStairCases" tests="2" errors="0" failures="0" skipped="0" time="0.058" timestamp="2023-04-30T12:16:49">
          <properties>
[...]
</properties>
          <testcase classname="NumberOfStairCases" name="number of stair cases - recursive solution" time="0.056">
                      
                    </testcase><testcase classname="NumberOfStairCases" name="number of stair cases - dp solution" time="0.002">
                      
                    </testcase>
          <system-out><![CDATA[]]></system-out>
          <system-err><![CDATA[]]></system-err>
        </testsuite>